[2025-09-05T07:14:48.147Z] DEBUG: Starting MCPDOC server with options: {
  "timeout": 10,
  "transport": "stdio",
  "host": "localhost",
  "port": 8000,
  "urls": [
    "ui_components_docs:file:///Users/sqb/Projects/WOSAI/FRONTEND/mp/smart-mp-biz/src/lib/ui/README.md"
  ]
}
[2025-09-05T07:14:48.147Z] DEBUG: Processing URLs from command line: ["ui_components_docs:file:///Users/sqb/Projects/WOSAI/FRONTEND/mp/smart-mp-biz/src/lib/ui/README.md"]
[2025-09-05T07:14:48.147Z] DEBUG: - Parsed with uncertainty as named entry: name="ui_components_docs", url="file:///Users/sqb/Projects/WOSAI/FRONTEND/mp/smart-mp-biz/src/lib/ui/README.md"
[2025-09-05T07:14:48.147Z] DEBUG: - Added document source: name=ui_components_docs, url=file:///Users/sqb/Projects/WOSAI/FRONTEND/mp/smart-mp-biz/src/lib/ui/README.md
[2025-09-05T07:14:48.147Z] DEBUG: Creating server with 1 document sources:
[2025-09-05T07:14:48.147Z] DEBUG:   1. ui_components_docs: file:///Users/sqb/Projects/WOSAI/FRONTEND/mp/smart-mp-biz/src/lib/ui/README.md
[2025-09-05T07:14:48.148Z] DEBUG: Processing document source: ui_components_docs, URL: file:///Users/sqb/Projects/WOSAI/FRONTEND/mp/smart-mp-biz/src/lib/ui/README.md
[2025-09-05T07:14:48.148Z] DEBUG: - Identified as local source: file:///Users/sqb/Projects/WOSAI/FRONTEND/mp/smart-mp-biz/src/lib/ui/README.md
[2025-09-05T07:14:48.148Z] DEBUG: Processing local source: file:///Users/sqb/Projects/WOSAI/FRONTEND/mp/smart-mp-biz/src/lib/ui/README.md
[2025-09-05T07:14:48.148Z] DEBUG: Normalizing path: file:///Users/sqb/Projects/WOSAI/FRONTEND/mp/smart-mp-biz/src/lib/ui/README.md
[2025-09-05T07:14:48.148Z] DEBUG: Normalized file:// path to: /Users/sqb/Projects/WOSAI/FRONTEND/mp/smart-mp-biz/src/lib/ui/README.md
[2025-09-05T07:14:48.148Z] DEBUG: Attempting to access local file: /Users/sqb/Projects/WOSAI/FRONTEND/mp/smart-mp-biz/src/lib/ui/README.md
[2025-09-05T07:14:48.148Z] DEBUG: Successfully verified local file: /Users/sqb/Projects/WOSAI/FRONTEND/mp/smart-mp-biz/src/lib/ui/README.md
[2025-09-05T07:14:48.149Z] DEBUG: Normalizing path: file:///Users/sqb/Projects/WOSAI/FRONTEND/mp/smart-mp-biz/src/lib/ui/README.md
[2025-09-05T07:14:48.149Z] DEBUG: Normalized file:// path to: /Users/sqb/Projects/WOSAI/FRONTEND/mp/smart-mp-biz/src/lib/ui/README.md
